2025-02-26 17:09:02,045 - BTC_RSI_Bot - INFO - Bot initialized with: RSI Period=14, RSI Threshold=30.0, Volume Multiplier=1.2
2025-02-26 17:09:02,046 - BTC_RSI_Bot - INFO - Starting Bitcoin RSI Oversold Bounce Trading Bot...
2025-02-26 17:09:02,046 - BTC_RSI_Bot - INFO - Optimal trading hours (UTC): [1, 7, 5, 16, 13]
2025-02-26 17:09:02,046 - BTC_RSI_Bot - INFO - Fetching data from CoinGecko for the past 1 day(s)...
2025-02-26 17:09:02,676 - BTC_RSI_Bot - ERROR - Error fetching data: 401, {"status":{"timestamp":"2025-02-26T16:09:03.931+00:00","error_code":10005,"error_message":"Invalid value for 'interval'"}}
2025-02-26 17:09:02,679 - BTC_RSI_Bot - WARNING - No data received, retrying in 60 seconds...
2025-02-26 17:10:02,729 - BTC_RSI_Bot - INFO - Fetching data from CoinGecko for the past 1 day(s)...
2025-02-26 17:10:03,283 - BTC_RSI_Bot - ERROR - Error fetching data: 401, {"status":{"timestamp":"2025-02-26T16:10:04.538+00:00","error_code":10005,"error_message":"Invalid value for 'interval'"}}
2025-02-26 17:10:03,285 - BTC_RSI_Bot - WARNING - No data received, retrying in 60 seconds...
2025-02-26 17:11:03,337 - BTC_RSI_Bot - INFO - Fetching data from CoinGecko for the past 1 day(s)...
2025-02-26 17:11:03,854 - BTC_RSI_Bot - ERROR - Error fetching data: 401, {"status":{"timestamp":"2025-02-26T16:11:05.117+00:00","error_code":10005,"error_message":"Invalid value for 'interval'"}}
2025-02-26 17:11:03,858 - BTC_RSI_Bot - WARNING - No data received, retrying in 60 seconds...
2025-02-26 17:11:23,247 - BTC_RSI_Bot - INFO - Bot stopped by user.
2025-02-26 17:15:11,697 - BTC_RSI_Bot - INFO - Bot initialized with: RSI Period=14, RSI Threshold=30.0, Volume Multiplier=1.2
2025-02-26 17:15:11,698 - BTC_RSI_Bot - INFO - Starting Bitcoin RSI Oversold Bounce Trading Bot with Binance API...
2025-02-26 17:15:11,698 - BTC_RSI_Bot - INFO - Optimal trading hours (UTC): [1, 7, 5, 16, 13]
2025-02-26 17:15:11,698 - BTC_RSI_Bot - INFO - Fetching 1-minute data from Binance API...
2025-02-26 17:15:12,321 - BTC_RSI_Bot - INFO - Successfully fetched 1000 data points from Binance
2025-02-26 17:15:12,322 - BTC_RSI_Bot - INFO - Current hour (16 UTC) is an optimal trading window.
2025-02-26 17:15:12,353 - BTC_RSI_Bot - INFO - Current Price: $86839.74, RSI: 17.76, Relative Volume: 0.27x
2025-02-26 17:15:12,353 - BTC_RSI_Bot - INFO - Waiting 60 seconds until next check...
2025-02-26 17:16:12,385 - BTC_RSI_Bot - INFO - Fetching 1-minute data from Binance API...
2025-02-26 17:16:12,891 - BTC_RSI_Bot - INFO - Successfully fetched 1000 data points from Binance
2025-02-26 17:16:12,894 - BTC_RSI_Bot - INFO - Current hour (16 UTC) is an optimal trading window.
2025-02-26 17:16:12,929 - BTC_RSI_Bot - INFO - Current Price: $86753.06, RSI: 17.48, Relative Volume: 0.50x
2025-02-26 17:16:12,931 - BTC_RSI_Bot - INFO - Waiting 60 seconds until next check...
2025-02-26 17:17:12,950 - BTC_RSI_Bot - INFO - Fetching 1-minute data from Binance API...
2025-02-26 17:17:13,602 - BTC_RSI_Bot - INFO - Successfully fetched 1000 data points from Binance
2025-02-26 17:17:13,603 - BTC_RSI_Bot - INFO - Current hour (16 UTC) is an optimal trading window.
2025-02-26 17:17:13,618 - BTC_RSI_Bot - INFO - Current Price: $86476.84, RSI: 16.60, Relative Volume: 0.60x
2025-02-26 17:17:13,618 - BTC_RSI_Bot - INFO - Waiting 60 seconds until next check...
2025-02-26 17:18:13,678 - BTC_RSI_Bot - INFO - Fetching 1-minute data from Binance API...
2025-02-26 17:18:14,331 - BTC_RSI_Bot - INFO - Successfully fetched 1000 data points from Binance
2025-02-26 17:18:14,332 - BTC_RSI_Bot - INFO - Current hour (16 UTC) is an optimal trading window.
2025-02-26 17:18:14,343 - BTC_RSI_Bot - INFO - Current Price: $86412.02, RSI: 15.29, Relative Volume: 0.30x
2025-02-26 17:18:14,343 - BTC_RSI_Bot - INFO - Waiting 60 seconds until next check...
2025-02-26 17:19:14,397 - BTC_RSI_Bot - INFO - Fetching 1-minute data from Binance API...
2025-02-26 17:19:14,968 - BTC_RSI_Bot - INFO - Successfully fetched 1000 data points from Binance
2025-02-26 17:19:14,971 - BTC_RSI_Bot - INFO - Current hour (16 UTC) is an optimal trading window.
2025-02-26 17:19:15,010 - BTC_RSI_Bot - INFO - Current Price: $86396.22, RSI: 11.78, Relative Volume: 0.45x
2025-02-26 17:19:15,011 - BTC_RSI_Bot - INFO - Waiting 60 seconds until next check...
2025-02-26 17:19:20,598 - BTC_RSI_Bot - INFO - Bot stopped by user.
2025-02-26 17:52:12,881 - BTC_RSI_Bot - INFO - Bot initialized with: RSI Period=14, RSI Threshold=30.0, Volume Multiplier=1.2
2025-02-26 17:52:12,882 - BTC_RSI_Bot - INFO - Starting Bitcoin RSI Oversold Bounce Trading Bot with Binance API...
2025-02-26 17:52:12,882 - BTC_RSI_Bot - INFO - Optimal trading hours (UTC): [1, 7, 5, 16, 13]
2025-02-26 17:52:12,882 - BTC_RSI_Bot - INFO - Fetching 1-minute data from Binance API...
2025-02-26 17:52:13,519 - BTC_RSI_Bot - INFO - Successfully fetched 1000 data points from Binance
2025-02-26 17:52:13,521 - BTC_RSI_Bot - INFO - Current hour (16 UTC) is an optimal trading window.
2025-02-26 17:52:13,547 - BTC_RSI_Bot - INFO - Current Price: $86911.60, RSI: 37.79, Relative Volume: 0.26x
2025-02-26 17:52:13,548 - BTC_RSI_Bot - INFO - Waiting 60 seconds until next check...
2025-02-26 17:53:13,609 - BTC_RSI_Bot - INFO - Fetching 1-minute data from Binance API...
2025-02-26 17:53:14,258 - BTC_RSI_Bot - INFO - Successfully fetched 1000 data points from Binance
2025-02-26 17:53:14,259 - BTC_RSI_Bot - INFO - Current hour (16 UTC) is an optimal trading window.
2025-02-26 17:53:14,275 - BTC_RSI_Bot - INFO - Current Price: $87005.65, RSI: 44.55, Relative Volume: 0.24x
2025-02-26 17:53:14,277 - BTC_RSI_Bot - INFO - Waiting 60 seconds until next check...
2025-02-26 17:54:14,331 - BTC_RSI_Bot - INFO - Fetching 1-minute data from Binance API...
2025-02-26 17:54:15,011 - BTC_RSI_Bot - INFO - Successfully fetched 1000 data points from Binance
2025-02-26 17:54:15,012 - BTC_RSI_Bot - INFO - Current hour (16 UTC) is an optimal trading window.
2025-02-26 17:54:15,062 - BTC_RSI_Bot - INFO - Current Price: $87032.00, RSI: 30.47, Relative Volume: 0.18x
2025-02-26 17:54:15,062 - BTC_RSI_Bot - INFO - Waiting 60 seconds until next check...
2025-02-26 17:55:15,120 - BTC_RSI_Bot - INFO - Fetching 1-minute data from Binance API...
2025-02-26 17:55:15,779 - BTC_RSI_Bot - INFO - Successfully fetched 1000 data points from Binance
2025-02-26 17:55:15,781 - BTC_RSI_Bot - INFO - Current hour (16 UTC) is an optimal trading window.
2025-02-26 17:55:15,793 - BTC_RSI_Bot - INFO - Current Price: $87010.10, RSI: 37.56, Relative Volume: 0.88x
2025-02-26 17:55:15,793 - BTC_RSI_Bot - INFO - Waiting 60 seconds until next check...
2025-02-26 17:56:15,849 - BTC_RSI_Bot - INFO - Fetching 1-minute data from Binance API...
2025-02-26 17:56:16,528 - BTC_RSI_Bot - INFO - Successfully fetched 1000 data points from Binance
2025-02-26 17:56:16,529 - BTC_RSI_Bot - INFO - Current hour (16 UTC) is an optimal trading window.
2025-02-26 17:56:16,544 - BTC_RSI_Bot - INFO - Current Price: $86922.00, RSI: 29.46, Relative Volume: 0.09x
2025-02-26 17:56:16,545 - BTC_RSI_Bot - INFO - Waiting 60 seconds until next check...
2025-02-26 17:57:16,600 - BTC_RSI_Bot - INFO - Fetching 1-minute data from Binance API...
2025-02-26 17:57:17,167 - BTC_RSI_Bot - INFO - Successfully fetched 1000 data points from Binance
2025-02-26 17:57:17,168 - BTC_RSI_Bot - INFO - Current hour (16 UTC) is an optimal trading window.
2025-02-26 17:57:17,182 - BTC_RSI_Bot - INFO - Current Price: $86961.98, RSI: 28.44, Relative Volume: 0.24x
2025-02-26 17:57:17,183 - BTC_RSI_Bot - INFO - Waiting 60 seconds until next check...
2025-02-26 17:58:17,200 - BTC_RSI_Bot - INFO - Fetching 1-minute data from Binance API...
2025-02-26 17:58:17,837 - BTC_RSI_Bot - INFO - Successfully fetched 1000 data points from Binance
2025-02-26 17:58:17,839 - BTC_RSI_Bot - INFO - Current hour (16 UTC) is an optimal trading window.
2025-02-26 17:58:17,885 - BTC_RSI_Bot - INFO - Current Price: $86903.04, RSI: 22.71, Relative Volume: 0.38x
2025-02-26 17:58:17,886 - BTC_RSI_Bot - INFO - Waiting 60 seconds until next check...
2025-02-26 17:59:17,947 - BTC_RSI_Bot - INFO - Fetching 1-minute data from Binance API...
2025-02-26 17:59:18,835 - BTC_RSI_Bot - INFO - Successfully fetched 1000 data points from Binance
2025-02-26 17:59:18,844 - BTC_RSI_Bot - INFO - Current hour (16 UTC) is an optimal trading window.
2025-02-26 17:59:18,869 - BTC_RSI_Bot - INFO - Current Price: $86911.15, RSI: 30.50, Relative Volume: 0.15x
2025-02-26 17:59:18,870 - BTC_RSI_Bot - INFO - Waiting 60 seconds until next check...
2025-02-26 18:00:18,930 - BTC_RSI_Bot - INFO - Fetching 1-minute data from Binance API...
2025-02-26 18:00:19,734 - BTC_RSI_Bot - INFO - Successfully fetched 1000 data points from Binance
2025-02-26 18:00:19,736 - BTC_RSI_Bot - INFO - Waiting 60 seconds until next check...
2025-02-26 18:01:19,774 - BTC_RSI_Bot - INFO - Fetching 1-minute data from Binance API...
2025-02-26 18:01:20,565 - BTC_RSI_Bot - INFO - Successfully fetched 1000 data points from Binance
2025-02-26 18:01:20,566 - BTC_RSI_Bot - INFO - Waiting 60 seconds until next check...
2025-02-26 18:02:20,620 - BTC_RSI_Bot - INFO - Fetching 1-minute data from Binance API...
2025-02-26 18:02:21,318 - BTC_RSI_Bot - INFO - Successfully fetched 1000 data points from Binance
2025-02-26 18:02:21,321 - BTC_RSI_Bot - INFO - Waiting 60 seconds until next check...
2025-02-26 18:03:21,331 - BTC_RSI_Bot - INFO - Fetching 1-minute data from Binance API...
2025-02-26 18:03:21,814 - BTC_RSI_Bot - INFO - Successfully fetched 1000 data points from Binance
2025-02-26 18:03:21,816 - BTC_RSI_Bot - INFO - Waiting 60 seconds until next check...
2025-02-26 18:04:21,876 - BTC_RSI_Bot - INFO - Fetching 1-minute data from Binance API...
2025-02-26 18:04:22,524 - BTC_RSI_Bot - INFO - Successfully fetched 1000 data points from Binance
2025-02-26 18:04:22,526 - BTC_RSI_Bot - INFO - Waiting 60 seconds until next check...
2025-02-26 18:04:54,347 - BTC_RSI_Bot - INFO - Bot stopped by user.
